<?xml version="1.0" encoding="UTF-8"?>
<testsuite name="pathfinder.junitTests.textInterface.CampusMapTest" tests="1" skipped="0" failures="0" errors="0" timestamp="2021-08-15T17:34:09" hostname="macbook-pro.lan" time="13.856">
  <properties/>
  <testcase name="buildTest" classname="pathfinder.junitTests.textInterface.CampusMapTest" time="13.856"/>
  <system-out><![CDATA[]]></system-out>
  <system-err><![CDATA[]]></system-err>
</testsuite>
