<?xml version="1.0" encoding="UTF-8"?>
<testsuite name="pathfinder.junitTests.textInterface.TestDirection" tests="6" skipped="0" failures="0" errors="0" timestamp="2021-08-15T17:34:23" hostname="macbook-pro.lan" time="0.047">
  <properties/>
  <testcase name="testResolveDirectionDownRight" classname="pathfinder.junitTests.textInterface.TestDirection" time="0.003"/>
  <testcase name="testResolveDirectionBasic" classname="pathfinder.junitTests.textInterface.TestDirection" time="0.001"/>
  <testcase name="testResolveDirectionBasicOrigin" classname="pathfinder.junitTests.textInterface.TestDirection" time="0.0"/>
  <testcase name="testResolveDirectionNan" classname="pathfinder.junitTests.textInterface.TestDirection" time="0.041"/>
  <testcase name="testResolveDirectionDownLeft" classname="pathfinder.junitTests.textInterface.TestDirection" time="0.001"/>
  <testcase name="testResolveDirectionUpLeft" classname="pathfinder.junitTests.textInterface.TestDirection" time="0.0"/>
  <system-out><![CDATA[]]></system-out>
  <system-err><![CDATA[]]></system-err>
</testsuite>
