<?xml version="1.0" encoding="UTF-8"?>
<testsuite name="pathfinder.junitTests.textInterface.TestTextInterfaceView" tests="2" skipped="0" failures="0" errors="0" timestamp="2021-08-15T17:34:23" hostname="macbook-pro.lan" time="0.004">
  <properties/>
  <testcase name="testBlockingInputWithoutHandler" classname="pathfinder.junitTests.textInterface.TestTextInterfaceView" time="0.002"/>
  <testcase name="testBeginWithoutHandler" classname="pathfinder.junitTests.textInterface.TestTextInterfaceView" time="0.001"/>
  <system-out><![CDATA[]]></system-out>
  <system-err><![CDATA[]]></system-err>
</testsuite>
