<?xml version="1.0" encoding="UTF-8"?>
<testsuite name="pathfinder.scriptTestRunner.ScriptFileTests" tests="8" skipped="0" failures="0" errors="0" timestamp="2021-08-14T23:27:32" hostname="macbook-pro.lan" time="0.389">
  <properties/>
  <testcase name="checkOutput[exampleDijkstraTest]" classname="pathfinder.scriptTestRunner.ScriptFileTests" time="0.269"/>
  <testcase name="checkOutput[EdgeToSelf]" classname="pathfinder.scriptTestRunner.ScriptFileTests" time="0.024"/>
  <testcase name="checkOutput[DjikstraTest3]" classname="pathfinder.scriptTestRunner.ScriptFileTests" time="0.008"/>
  <testcase name="checkOutput[ListChildrenTest]" classname="pathfinder.scriptTestRunner.ScriptFileTests" time="0.054"/>
  <testcase name="checkOutput[MultipleEdgesDjikstraTest]" classname="pathfinder.scriptTestRunner.ScriptFileTests" time="0.004"/>
  <testcase name="checkOutput[DjikstraTest2]" classname="pathfinder.scriptTestRunner.ScriptFileTests" time="0.003"/>
  <testcase name="checkOutput[NoPath]" classname="pathfinder.scriptTestRunner.ScriptFileTests" time="0.004"/>
  <testcase name="checkOutput[MultipleEdgesDjikstraTest2]" classname="pathfinder.scriptTestRunner.ScriptFileTests" time="0.007"/>
  <system-out><![CDATA[]]></system-out>
  <system-err><![CDATA[]]></system-err>
</testsuite>
